\BOOKMARK [1][-]{section.1}{Introdu\347\343o}{}% 1
\BOOKMARK [1][-]{section.2}{Sonar}{}% 2
\BOOKMARK [2][-]{subsection.2.1}{Foto do Material}{section.2}% 3
\BOOKMARK [2][-]{subsection.2.2}{Cota\347\343o Sonar 1 }{section.2}% 4
\BOOKMARK [2][-]{subsection.2.3}{Cota\347\343o Sonar 2 }{section.2}% 5
\BOOKMARK [2][-]{subsection.2.4}{Cota\347\343o Sonar 3 }{section.2}% 6
\BOOKMARK [2][-]{subsection.2.5}{Nota Fiscal}{section.2}% 7
\BOOKMARK [1][-]{section.3}{Notebooks}{}% 8
\BOOKMARK [1][-]{section.4}{Sensor Indutivo}{}% 9
\BOOKMARK [2][-]{subsection.4.1}{Foto do Material}{section.4}% 10
\BOOKMARK [2][-]{subsection.4.2}{Cota\347\343o Sensor Indutivo 1 }{section.4}% 11
\BOOKMARK [2][-]{subsection.4.3}{Cota\347\343o Sensor Indutivo 2 }{section.4}% 12
\BOOKMARK [2][-]{subsection.4.4}{Cota\347\343o Sensor Indutivo 3 }{section.4}% 13
\BOOKMARK [2][-]{subsection.4.5}{Nota Fiscal}{section.4}% 14
\BOOKMARK [1][-]{section.5}{Encoder}{}% 15
\BOOKMARK [2][-]{subsection.5.1}{Foto do Material}{section.5}% 16
\BOOKMARK [2][-]{subsection.5.2}{Cota\347\343o Encoder 1 }{section.5}% 17
\BOOKMARK [2][-]{subsection.5.3}{Cota\347\343o Encoder 2 }{section.5}% 18
\BOOKMARK [2][-]{subsection.5.4}{Cota\347\343o Encoder 3 }{section.5}% 19
\BOOKMARK [2][-]{subsection.5.5}{Nota Fiscal}{section.5}% 20
\BOOKMARK [1][-]{section.6}{Pan e Tilt}{}% 21
\BOOKMARK [2][-]{subsection.6.1}{Foto do Material}{section.6}% 22
\BOOKMARK [2][-]{subsection.6.2}{Cota\347\343o Pan e Tilt 1 }{section.6}% 23
\BOOKMARK [2][-]{subsection.6.3}{Cota\347\343o Pan e Tilt 2 }{section.6}% 24
\BOOKMARK [2][-]{subsection.6.4}{Cota\347\343o Pan e Tilt 3 }{section.6}% 25
\BOOKMARK [2][-]{subsection.6.5}{Nota Fiscal}{section.6}% 26
\BOOKMARK [1][-]{section.7}{Tablet}{}% 27
\BOOKMARK [2][-]{subsection.7.1}{Foto do Material}{section.7}% 28
\BOOKMARK [2][-]{subsection.7.2}{Nota Fiscal}{section.7}% 29
\BOOKMARK [1][-]{section.8}{Sensor de Press\343o}{}% 30
\BOOKMARK [2][-]{subsection.8.1}{Foto do Material}{section.8}% 31
\BOOKMARK [2][-]{subsection.8.2}{Cota\347\343o Sensor de press\343o}{section.8}% 32
\BOOKMARK [2][-]{subsection.8.3}{Nota Fiscal}{section.8}% 33
\BOOKMARK [1][-]{appendix.A}{Anexo I - Seaking Profiler}{}% 34
\BOOKMARK [1][-]{appendix.A}{Anexo II - Sensor Indutivo}{}% 35
\BOOKMARK [1][-]{appendix.A}{Anexo III - Encoder}{}% 36
\BOOKMARK [1][-]{appendix.A}{Anexo IV - Pan e Tilt}{}% 37
\BOOKMARK [1][-]{appendix.A}{Anexo V - Sensor de Press\343o}{}% 38
